<?xml version="1.0" encoding="UTF-8"?>
<!-- Generated by org.testng.reporters.JUnitReportReporter -->
<testsuite skipped="0" hostname="LAPTOP-41741T4J" name="hrmApp.LoginHRMPF" tests="1" failures="0" timestamp="2022-09-21T17:56:54 IST" time="4.395" errors="0">
  <testcase name="LoginPage" time="4.395" classname="hrmApp.LoginHRMPF"/>
  <system-out/>
</testsuite> <!-- hrmApp.LoginHRMPF -->
