<?xml version="1.0" encoding="UTF-8"?>
<!-- Generated by org.testng.reporters.JUnitReportReporter -->
<testsuite skipped="0" hostname="LAPTOP-41741T4J" name="dataProvider.DataReader" tests="2" failures="0" timestamp="2022-09-19T17:46:10 IST" time="0.014" errors="0">
  <testcase name="LoginTest" time="0.012" classname="dataProvider.DataReader"/>
  <system-out/>
  <testcase name="LoginTest" time="0.002" classname="dataProvider.DataReader"/>
  <system-out/>
</testsuite> <!-- dataProvider.DataReader -->
