<?xml version="1.0" encoding="UTF-8"?>
<!-- Generated by org.testng.reporters.JUnitReportReporter -->
<testsuite skipped="0" hostname="LAPTOP-41741T4J" name="testDependency.OnGroups2" tests="4" failures="0" timestamp="2022-09-19T17:37:52 IST" time="0.013" errors="0">
  <testcase name="Method3" time="0.002" classname="testDependency.OnGroups2"/>
  <system-out/>
  <testcase name="Method1" time="0.009" classname="testDependency.OnGroups2"/>
  <system-out/>
  <testcase name="Method4" time="0.001" classname="testDependency.OnGroups2"/>
  <system-out/>
  <testcase name="Method2" time="0.001" classname="testDependency.OnGroups2"/>
  <system-out/>
</testsuite> <!-- testDependency.OnGroups2 -->
