<?xml version="1.0" encoding="UTF-8"?>
<!-- Generated by org.testng.reporters.JUnitReportReporter -->
<testsuite skipped="0" hostname="LAPTOP-41741T4J" name="com.ixigo.IxigoRoundTrip" tests="1" failures="0" timestamp="2022-11-16T18:40:48 IST" time="28.687" errors="0">
  <testcase name="RoundTrip" time="28.687" classname="com.ixigo.IxigoRoundTrip"/>
  <system-out/>
</testsuite> <!-- com.ixigo.IxigoRoundTrip -->
