<?xml version="1.0" encoding="UTF-8"?>
<!-- Generated by org.testng.reporters.JUnitReportReporter -->
<testsuite skipped="0" hostname="LAPTOP-41741T4J" name="com.Group.Class01" tests="4" failures="0" timestamp="2022-09-18T11:34:50 IST" time="0.005" errors="0">
  <testcase name="Method05" time="0.002" classname="com.Group.Class01"/>
  <system-out/>
  <testcase name="Method02" time="0.003" classname="com.Group.Class01"/>
  <system-out/>
  <testcase name="Method04" time="0.000" classname="com.Group.Class01"/>
  <system-out/>
  <testcase name="Method03" time="0.000" classname="com.Group.Class01"/>
  <system-out/>
</testsuite> <!-- com.Group.Class01 -->
