<?xml version="1.0" encoding="UTF-8"?>
<!-- Generated by org.testng.reporters.JUnitReportReporter -->
<testsuite skipped="1" hostname="LAPTOP-41741T4J" name="com.Group.Class02" tests="5" failures="0" timestamp="2022-09-18T11:34:50 IST" time="0.019" errors="0">
  <testcase name="Method05" time="0.004" classname="com.Group.Class02"/>
  <system-out/>
  <testcase name="Method04" time="0.014" classname="com.Group.Class02"/>
  <system-out/>
  <testcase name="Method01" time="0.001" classname="com.Group.Class02"/>
  <system-out/>
  <testcase name="Method02" time="0.000" classname="com.Group.Class02"/>
  <system-out/>
  <testcase name="Method03" classname="com.Group.Class02">
    <skipped/>
  </testcase> <!-- Method03 -->
  <system-out/>
</testsuite> <!-- com.Group.Class02 -->
