<?xml version="1.0" encoding="UTF-8"?>
<!-- Generated by org.testng.reporters.JUnitReportReporter -->
<testsuite skipped="0" hostname="LAPTOP-41741T4J" name="hrmApp.LoginwoPFactory" tests="1" failures="0" timestamp="2022-09-21T17:42:27 IST" time="5.889" errors="0">
  <testcase name="LoginPage" time="5.889" classname="hrmApp.LoginwoPFactory"/>
  <system-out/>
</testsuite> <!-- hrmApp.LoginwoPFactory -->
