<?xml version="1.0" encoding="UTF-8"?>
<!-- Generated by org.testng.reporters.JUnitReportReporter -->
<testsuite skipped="0" hostname="LAPTOP-41741T4J" name="dataProvider.ExcelDataReader" tests="5" failures="0" timestamp="2022-09-19T19:02:48 IST" time="0.033" errors="0">
  <testcase name="LoginTest" time="0.005" classname="dataProvider.ExcelDataReader"/>
  <system-out/>
  <testcase name="LoginTest" time="0.011" classname="dataProvider.ExcelDataReader"/>
  <system-out/>
  <testcase name="LoginTest" time="0.010" classname="dataProvider.ExcelDataReader"/>
  <system-out/>
  <testcase name="LoginTest" time="0.002" classname="dataProvider.ExcelDataReader"/>
  <system-out/>
  <testcase name="LoginTest" time="0.005" classname="dataProvider.ExcelDataReader"/>
  <system-out/>
</testsuite> <!-- dataProvider.ExcelDataReader -->
