<?xml version="1.0" encoding="UTF-8"?>
<!-- Generated by org.testng.reporters.JUnitReportReporter -->
<testsuite skipped="0" hostname="LAPTOP-41741T4J" name="dataProvider.DataReader3" tests="2" failures="0" timestamp="2022-09-19T17:52:31 IST" time="0.016" errors="0">
  <testcase name="LoginTest" time="0.002" classname="dataProvider.DataReader3"/>
  <system-out/>
  <testcase name="LoginTest" time="0.014" classname="dataProvider.DataReader3"/>
  <system-out/>
</testsuite> <!-- dataProvider.DataReader3 -->
