<?xml version="1.0" encoding="UTF-8"?>
<!-- Generated by org.testng.reporters.JUnitReportReporter -->
<testsuite skipped="0" hostname="LAPTOP-41741T4J" name="com.Pack1.BrockenLink" tests="1" failures="0" timestamp="2022-09-21T15:39:23 IST" time="0.967" errors="0">
  <testcase name="Test1" time="0.967" classname="com.Pack1.BrockenLink"/>
  <system-out/>
</testsuite> <!-- com.Pack1.BrockenLink -->
