<?xml version="1.0" encoding="UTF-8"?>
<!-- Generated by org.testng.reporters.JUnitReportReporter -->
<testsuite skipped="0" hostname="LAPTOP-41741T4J" name="testDependency.OnGroups" tests="4" failures="0" timestamp="2022-09-19T17:32:54 IST" time="0.029" errors="0">
  <testcase name="Method1" time="0.018" classname="testDependency.OnGroups"/>
  <system-out/>
  <testcase name="Method3" time="0.005" classname="testDependency.OnGroups"/>
  <system-out/>
  <testcase name="Method4" time="0.003" classname="testDependency.OnGroups"/>
  <system-out/>
  <testcase name="Method2" time="0.003" classname="testDependency.OnGroups"/>
  <system-out/>
</testsuite> <!-- testDependency.OnGroups -->
